
 0: reduce/reduce conflict  (red'ns 74 and 4) on $end
0: shift/reduce conflict (shift 7(0), red'n 4(0)) on NL
0: shift/reduce conflict (shift 8(0), red'n 4(0)) on ';'
state 0
	$accept: .program $end 
	opt_decls: .    (74)
	stmts: .    (4)

	$end  reduce 4 (src line 75)
	NL  shift 7
	';'  shift 8
	.  reduce 74 (src line 433)

	program  goto 1
	block  goto 2
	stmts  goto 4
	opt_decls  goto 3
	decls  goto 5
	decl  goto 6

state 1
	$accept:  program.$end 

	$end  accept
	.  error


state 2
	program:  block.    (1)

	.  reduce 1 (src line 58)


state 3
	block:  opt_decls.    (2)
	stmts:  opt_decls.stmt 

	VAR  shift 10
	FOR  shift 13
	WHILE  shift 14
	IF  shift 32
	RETURN  shift 15
	BREAK  shift 16
	CONTINUE  shift 17
	NIL  shift 19
	TRUE  shift 20
	FALSE  shift 21
	ID  shift 18
	FIXNUM  shift 22
	FLOATNUM  shift 23
	STRING  shift 24
	LIST_DISPATCH  shift 30
	TABLE_DISPATCH  shift 31
	COLON  shift 25
	'-'  shift 27
	'('  shift 29
	'{'  shift 26
	'!'  shift 28
	.  reduce 2 (src line 65)

	stmt  goto 9
	if_stmt  goto 12
	expr  goto 11

state 4
	block:  stmts.opt_decls 
	stmts:  stmts.decls stmt 
	opt_decls: .    (74)

	NL  shift 7
	';'  shift 8
	.  reduce 74 (src line 433)

	opt_decls  goto 33
	decls  goto 34
	decl  goto 6

state 5
	opt_decls:  decls.    (75)
	decls:  decls.decl 

	NL  shift 7
	';'  shift 8
	.  reduce 75 (src line 435)

	decl  goto 35

state 6
	decls:  decl.    (76)

	.  reduce 76 (src line 437)


state 7
	decl:  NL.    (78)

	.  reduce 78 (src line 441)


state 8
	decl:  ';'.    (79)

	.  reduce 79 (src line 443)


state 9
	stmts:  opt_decls stmt.    (5)

	.  reduce 5 (src line 80)


state 10
	stmt:  VAR.var_decls 

	ID  shift 38
	.  error

	var_decls  goto 36
	var_decl  goto 37

state 11
	stmt:  expr.'=' expr 
	stmt:  expr.    (16)
	expr:  expr.'(' exprlist ')' 
	expr:  expr.'+' expr 
	expr:  expr.'-' expr 
	expr:  expr.'*' expr 
	expr:  expr.'/' expr 
	expr:  expr.'%' expr 
	expr:  expr.AND expr 
	expr:  expr.OR expr 
	expr:  expr.LT expr 
	expr:  expr.LE expr 
	expr:  expr.EQ expr 
	expr:  expr.NE expr 
	expr:  expr.GT expr 
	expr:  expr.GE expr 
	expr:  expr.'[' expr ']' 
	expr:  expr.'[' expr COLON expr ']' 
	expr:  expr.'[' expr COLON ']' 
	expr:  expr.'[' COLON expr ']' 
	expr:  expr.'[' COLON ']' 

	AND  shift 46
	OR  shift 47
	LT  shift 48
	LE  shift 49
	EQ  shift 50
	NE  shift 51
	GT  shift 52
	GE  shift 53
	'+'  shift 41
	'-'  shift 42
	'*'  shift 43
	'/'  shift 44
	'%'  shift 45
	'='  shift 39
	'('  shift 40
	'['  shift 54
	.  reduce 16 (src line 135)


state 12
	stmt:  if_stmt.    (9)

	.  reduce 9 (src line 100)


state 13
	stmt:  FOR.'(' ID COLON expr ')' block END 

	'('  shift 55
	.  error


state 14
	stmt:  WHILE.'(' expr ')' block END 

	'('  shift 56
	.  error


state 15
	stmt:  RETURN.    (12)
	stmt:  RETURN.expr 

	NIL  shift 19
	TRUE  shift 20
	FALSE  shift 21
	ID  shift 18
	FIXNUM  shift 22
	FLOATNUM  shift 23
	STRING  shift 24
	LIST_DISPATCH  shift 30
	TABLE_DISPATCH  shift 31
	COLON  shift 25
	'-'  shift 27
	'('  shift 29
	'{'  shift 26
	'!'  shift 28
	.  reduce 12 (src line 115)

	expr  goto 57

state 16
	stmt:  BREAK.    (14)

	.  reduce 14 (src line 125)


state 17
	stmt:  CONTINUE.    (15)

	.  reduce 15 (src line 130)


state 18
	expr:  ID.    (27)

	.  reduce 27 (src line 197)


state 19
	expr:  NIL.    (28)

	.  reduce 28 (src line 203)


state 20
	expr:  TRUE.    (29)

	.  reduce 29 (src line 208)


state 21
	expr:  FALSE.    (30)

	.  reduce 30 (src line 213)


state 22
	expr:  FIXNUM.    (31)

	.  reduce 31 (src line 218)


state 23
	expr:  FLOATNUM.    (32)

	.  reduce 32 (src line 223)


state 24
	expr:  STRING.    (33)

	.  reduce 33 (src line 228)


state 25
	expr:  COLON.namelist '{' block '}' 
	namelist: .    (67)

	ID  shift 59
	.  reduce 67 (src line 399)

	namelist  goto 58

26: shift/reduce conflict (shift 7(0), red'n 4(0)) on NL
 26: reduce/reduce conflict  (red'ns 74 and 4) on '}'
26: shift/reduce conflict (shift 8(0), red'n 4(0)) on ';'
state 26
	expr:  '{'.block '}' 
	opt_decls: .    (74)
	stmts: .    (4)

	NL  shift 7
	'}'  reduce 4 (src line 75)
	';'  shift 8
	.  reduce 74 (src line 433)

	block  goto 60
	stmts  goto 4
	opt_decls  goto 3
	decls  goto 5
	decl  goto 6

state 27
	expr:  '-'.expr 

	NIL  shift 19
	TRUE  shift 20
	FALSE  shift 21
	ID  shift 18
	FIXNUM  shift 22
	FLOATNUM  shift 23
	STRING  shift 24
	LIST_DISPATCH  shift 30
	TABLE_DISPATCH  shift 31
	COLON  shift 25
	'-'  shift 27
	'('  shift 29
	'{'  shift 26
	'!'  shift 28
	.  error

	expr  goto 61

state 28
	expr:  '!'.expr 

	NIL  shift 19
	TRUE  shift 20
	FALSE  shift 21
	ID  shift 18
	FIXNUM  shift 22
	FLOATNUM  shift 23
	STRING  shift 24
	LIST_DISPATCH  shift 30
	TABLE_DISPATCH  shift 31
	COLON  shift 25
	'-'  shift 27
	'('  shift 29
	'{'  shift 26
	'!'  shift 28
	.  error

	expr  goto 62

state 29
	expr:  '('.expr ')' 

	NIL  shift 19
	TRUE  shift 20
	FALSE  shift 21
	ID  shift 18
	FIXNUM  shift 22
	FLOATNUM  shift 23
	STRING  shift 24
	LIST_DISPATCH  shift 30
	TABLE_DISPATCH  shift 31
	COLON  shift 25
	'-'  shift 27
	'('  shift 29
	'{'  shift 26
	'!'  shift 28
	.  error

	expr  goto 63

state 30
	expr:  LIST_DISPATCH.exprlist ']' 
	expr:  LIST_DISPATCH.expr DOTDOT expr ']' 
	expr:  LIST_DISPATCH.expr DOTDOT expr ',' expr ']' 
	exprlist: .    (70)

	NIL  shift 19
	TRUE  shift 20
	FALSE  shift 21
	ID  shift 18
	FIXNUM  shift 22
	FLOATNUM  shift 23
	STRING  shift 24
	LIST_DISPATCH  shift 30
	TABLE_DISPATCH  shift 31
	COLON  shift 25
	'-'  shift 27
	'('  shift 29
	'{'  shift 26
	'!'  shift 28
	.  reduce 70 (src line 413)

	expr  goto 65
	exprlist  goto 64
	exprlist_  goto 66

state 31
	expr:  TABLE_DISPATCH.expr_pairs opt_decls ']' 
	expr:  TABLE_DISPATCH.expr_pairs ',' opt_decls ']' 
	expr_pairs: .    (63)

	NIL  shift 19
	TRUE  shift 20
	FALSE  shift 21
	ID  shift 18
	FIXNUM  shift 22
	FLOATNUM  shift 23
	STRING  shift 24
	LIST_DISPATCH  shift 30
	TABLE_DISPATCH  shift 31
	COLON  shift 25
	'-'  shift 27
	'('  shift 29
	'{'  shift 26
	'!'  shift 28
	.  reduce 63 (src line 379)

	expr  goto 69
	expr_pair  goto 68
	expr_pairs  goto 67

state 32
	if_stmt:  IF.'(' expr ')' block END 
	if_stmt:  IF.'(' expr ')' block ELSE block END 
	if_stmt:  IF.'(' expr ')' block elif_stmt END 

	'('  shift 70
	.  error


state 33
	block:  stmts opt_decls.    (3)

	.  reduce 3 (src line 70)


state 34
	stmts:  stmts decls.stmt 
	opt_decls:  decls.    (75)
	decls:  decls.decl 

	VAR  shift 10
	FOR  shift 13
	WHILE  shift 14
	IF  shift 32
	RETURN  shift 15
	BREAK  shift 16
	CONTINUE  shift 17
	NIL  shift 19
	TRUE  shift 20
	FALSE  shift 21
	ID  shift 18
	FIXNUM  shift 22
	FLOATNUM  shift 23
	STRING  shift 24
	NL  shift 7
	LIST_DISPATCH  shift 30
	TABLE_DISPATCH  shift 31
	COLON  shift 25
	'-'  shift 27
	'('  shift 29
	'{'  shift 26
	'!'  shift 28
	';'  shift 8
	.  reduce 75 (src line 435)

	stmt  goto 71
	if_stmt  goto 12
	expr  goto 11
	decl  goto 35

state 35
	decls:  decls decl.    (77)

	.  reduce 77 (src line 439)


state 36
	stmt:  VAR var_decls.    (7)
	var_decls:  var_decls.',' var_decl 

	','  shift 72
	.  reduce 7 (src line 89)


state 37
	var_decls:  var_decl.    (17)

	.  reduce 17 (src line 141)


state 38
	var_decl:  ID.    (19)
	var_decl:  ID.'=' expr 

	'='  shift 73
	.  reduce 19 (src line 151)


state 39
	stmt:  expr '='.expr 

	NIL  shift 19
	TRUE  shift 20
	FALSE  shift 21
	ID  shift 18
	FIXNUM  shift 22
	FLOATNUM  shift 23
	STRING  shift 24
	LIST_DISPATCH  shift 30
	TABLE_DISPATCH  shift 31
	COLON  shift 25
	'-'  shift 27
	'('  shift 29
	'{'  shift 26
	'!'  shift 28
	.  error

	expr  goto 74

state 40
	expr:  expr '('.exprlist ')' 
	exprlist: .    (70)

	NIL  shift 19
	TRUE  shift 20
	FALSE  shift 21
	ID  shift 18
	FIXNUM  shift 22
	FLOATNUM  shift 23
	STRING  shift 24
	LIST_DISPATCH  shift 30
	TABLE_DISPATCH  shift 31
	COLON  shift 25
	'-'  shift 27
	'('  shift 29
	'{'  shift 26
	'!'  shift 28
	.  reduce 70 (src line 413)

	expr  goto 76
	exprlist  goto 75
	exprlist_  goto 66

state 41
	expr:  expr '+'.expr 

	NIL  shift 19
	TRUE  shift 20
	FALSE  shift 21
	ID  shift 18
	FIXNUM  shift 22
	FLOATNUM  shift 23
	STRING  shift 24
	LIST_DISPATCH  shift 30
	TABLE_DISPATCH  shift 31
	COLON  shift 25
	'-'  shift 27
	'('  shift 29
	'{'  shift 26
	'!'  shift 28
	.  error

	expr  goto 77

state 42
	expr:  expr '-'.expr 

	NIL  shift 19
	TRUE  shift 20
	FALSE  shift 21
	ID  shift 18
	FIXNUM  shift 22
	FLOATNUM  shift 23
	STRING  shift 24
	LIST_DISPATCH  shift 30
	TABLE_DISPATCH  shift 31
	COLON  shift 25
	'-'  shift 27
	'('  shift 29
	'{'  shift 26
	'!'  shift 28
	.  error

	expr  goto 78

state 43
	expr:  expr '*'.expr 

	NIL  shift 19
	TRUE  shift 20
	FALSE  shift 21
	ID  shift 18
	FIXNUM  shift 22
	FLOATNUM  shift 23
	STRING  shift 24
	LIST_DISPATCH  shift 30
	TABLE_DISPATCH  shift 31
	COLON  shift 25
	'-'  shift 27
	'('  shift 29
	'{'  shift 26
	'!'  shift 28
	.  error

	expr  goto 79

state 44
	expr:  expr '/'.expr 

	NIL  shift 19
	TRUE  shift 20
	FALSE  shift 21
	ID  shift 18
	FIXNUM  shift 22
	FLOATNUM  shift 23
	STRING  shift 24
	LIST_DISPATCH  shift 30
	TABLE_DISPATCH  shift 31
	COLON  shift 25
	'-'  shift 27
	'('  shift 29
	'{'  shift 26
	'!'  shift 28
	.  error

	expr  goto 80

state 45
	expr:  expr '%'.expr 

	NIL  shift 19
	TRUE  shift 20
	FALSE  shift 21
	ID  shift 18
	FIXNUM  shift 22
	FLOATNUM  shift 23
	STRING  shift 24
	LIST_DISPATCH  shift 30
	TABLE_DISPATCH  shift 31
	COLON  shift 25
	'-'  shift 27
	'('  shift 29
	'{'  shift 26
	'!'  shift 28
	.  error

	expr  goto 81

state 46
	expr:  expr AND.expr 

	NIL  shift 19
	TRUE  shift 20
	FALSE  shift 21
	ID  shift 18
	FIXNUM  shift 22
	FLOATNUM  shift 23
	STRING  shift 24
	LIST_DISPATCH  shift 30
	TABLE_DISPATCH  shift 31
	COLON  shift 25
	'-'  shift 27
	'('  shift 29
	'{'  shift 26
	'!'  shift 28
	.  error

	expr  goto 82

state 47
	expr:  expr OR.expr 

	NIL  shift 19
	TRUE  shift 20
	FALSE  shift 21
	ID  shift 18
	FIXNUM  shift 22
	FLOATNUM  shift 23
	STRING  shift 24
	LIST_DISPATCH  shift 30
	TABLE_DISPATCH  shift 31
	COLON  shift 25
	'-'  shift 27
	'('  shift 29
	'{'  shift 26
	'!'  shift 28
	.  error

	expr  goto 83

state 48
	expr:  expr LT.expr 

	NIL  shift 19
	TRUE  shift 20
	FALSE  shift 21
	ID  shift 18
	FIXNUM  shift 22
	FLOATNUM  shift 23
	STRING  shift 24
	LIST_DISPATCH  shift 30
	TABLE_DISPATCH  shift 31
	COLON  shift 25
	'-'  shift 27
	'('  shift 29
	'{'  shift 26
	'!'  shift 28
	.  error

	expr  goto 84

state 49
	expr:  expr LE.expr 

	NIL  shift 19
	TRUE  shift 20
	FALSE  shift 21
	ID  shift 18
	FIXNUM  shift 22
	FLOATNUM  shift 23
	STRING  shift 24
	LIST_DISPATCH  shift 30
	TABLE_DISPATCH  shift 31
	COLON  shift 25
	'-'  shift 27
	'('  shift 29
	'{'  shift 26
	'!'  shift 28
	.  error

	expr  goto 85

state 50
	expr:  expr EQ.expr 

	NIL  shift 19
	TRUE  shift 20
	FALSE  shift 21
	ID  shift 18
	FIXNUM  shift 22
	FLOATNUM  shift 23
	STRING  shift 24
	LIST_DISPATCH  shift 30
	TABLE_DISPATCH  shift 31
	COLON  shift 25
	'-'  shift 27
	'('  shift 29
	'{'  shift 26
	'!'  shift 28
	.  error

	expr  goto 86

state 51
	expr:  expr NE.expr 

	NIL  shift 19
	TRUE  shift 20
	FALSE  shift 21
	ID  shift 18
	FIXNUM  shift 22
	FLOATNUM  shift 23
	STRING  shift 24
	LIST_DISPATCH  shift 30
	TABLE_DISPATCH  shift 31
	COLON  shift 25
	'-'  shift 27
	'('  shift 29
	'{'  shift 26
	'!'  shift 28
	.  error

	expr  goto 87

state 52
	expr:  expr GT.expr 

	NIL  shift 19
	TRUE  shift 20
	FALSE  shift 21
	ID  shift 18
	FIXNUM  shift 22
	FLOATNUM  shift 23
	STRING  shift 24
	LIST_DISPATCH  shift 30
	TABLE_DISPATCH  shift 31
	COLON  shift 25
	'-'  shift 27
	'('  shift 29
	'{'  shift 26
	'!'  shift 28
	.  error

	expr  goto 88

state 53
	expr:  expr GE.expr 

	NIL  shift 19
	TRUE  shift 20
	FALSE  shift 21
	ID  shift 18
	FIXNUM  shift 22
	FLOATNUM  shift 23
	STRING  shift 24
	LIST_DISPATCH  shift 30
	TABLE_DISPATCH  shift 31
	COLON  shift 25
	'-'  shift 27
	'('  shift 29
	'{'  shift 26
	'!'  shift 28
	.  error

	expr  goto 89

state 54
	expr:  expr '['.expr ']' 
	expr:  expr '['.expr COLON expr ']' 
	expr:  expr '['.expr COLON ']' 
	expr:  expr '['.COLON expr ']' 
	expr:  expr '['.COLON ']' 

	NIL  shift 19
	TRUE  shift 20
	FALSE  shift 21
	ID  shift 18
	FIXNUM  shift 22
	FLOATNUM  shift 23
	STRING  shift 24
	LIST_DISPATCH  shift 30
	TABLE_DISPATCH  shift 31
	COLON  shift 91
	'-'  shift 27
	'('  shift 29
	'{'  shift 26
	'!'  shift 28
	.  error

	expr  goto 90

state 55
	stmt:  FOR '('.ID COLON expr ')' block END 

	ID  shift 92
	.  error


state 56
	stmt:  WHILE '('.expr ')' block END 

	NIL  shift 19
	TRUE  shift 20
	FALSE  shift 21
	ID  shift 18
	FIXNUM  shift 22
	FLOATNUM  shift 23
	STRING  shift 24
	LIST_DISPATCH  shift 30
	TABLE_DISPATCH  shift 31
	COLON  shift 25
	'-'  shift 27
	'('  shift 29
	'{'  shift 26
	'!'  shift 28
	.  error

	expr  goto 93

state 57
	stmt:  RETURN expr.    (13)
	expr:  expr.'(' exprlist ')' 
	expr:  expr.'+' expr 
	expr:  expr.'-' expr 
	expr:  expr.'*' expr 
	expr:  expr.'/' expr 
	expr:  expr.'%' expr 
	expr:  expr.AND expr 
	expr:  expr.OR expr 
	expr:  expr.LT expr 
	expr:  expr.LE expr 
	expr:  expr.EQ expr 
	expr:  expr.NE expr 
	expr:  expr.GT expr 
	expr:  expr.GE expr 
	expr:  expr.'[' expr ']' 
	expr:  expr.'[' expr COLON expr ']' 
	expr:  expr.'[' expr COLON ']' 
	expr:  expr.'[' COLON expr ']' 
	expr:  expr.'[' COLON ']' 

	AND  shift 46
	OR  shift 47
	LT  shift 48
	LE  shift 49
	EQ  shift 50
	NE  shift 51
	GT  shift 52
	GE  shift 53
	'+'  shift 41
	'-'  shift 42
	'*'  shift 43
	'/'  shift 44
	'%'  shift 45
	'('  shift 40
	'['  shift 54
	.  reduce 13 (src line 120)


state 58
	expr:  COLON namelist.'{' block '}' 
	namelist:  namelist.',' opt_decls ID 

	','  shift 95
	'{'  shift 94
	.  error


state 59
	namelist:  ID.    (68)

	.  reduce 68 (src line 404)


state 60
	expr:  '{' block.'}' 

	'}'  shift 96
	.  error


61: shift/reduce conflict (shift 40(0), red'n 37(7)) on '('
61: shift/reduce conflict (shift 54(0), red'n 37(7)) on '['
state 61
	expr:  expr.'(' exprlist ')' 
	expr:  '-' expr.    (37)
	expr:  expr.'+' expr 
	expr:  expr.'-' expr 
	expr:  expr.'*' expr 
	expr:  expr.'/' expr 
	expr:  expr.'%' expr 
	expr:  expr.AND expr 
	expr:  expr.OR expr 
	expr:  expr.LT expr 
	expr:  expr.LE expr 
	expr:  expr.EQ expr 
	expr:  expr.NE expr 
	expr:  expr.GT expr 
	expr:  expr.GE expr 
	expr:  expr.'[' expr ']' 
	expr:  expr.'[' expr COLON expr ']' 
	expr:  expr.'[' expr COLON ']' 
	expr:  expr.'[' COLON expr ']' 
	expr:  expr.'[' COLON ']' 

	'('  shift 40
	'['  shift 54
	.  reduce 37 (src line 248)


62: shift/reduce conflict (shift 40(0), red'n 38(7)) on '('
62: shift/reduce conflict (shift 54(0), red'n 38(7)) on '['
state 62
	expr:  expr.'(' exprlist ')' 
	expr:  '!' expr.    (38)
	expr:  expr.'+' expr 
	expr:  expr.'-' expr 
	expr:  expr.'*' expr 
	expr:  expr.'/' expr 
	expr:  expr.'%' expr 
	expr:  expr.AND expr 
	expr:  expr.OR expr 
	expr:  expr.LT expr 
	expr:  expr.LE expr 
	expr:  expr.EQ expr 
	expr:  expr.NE expr 
	expr:  expr.GT expr 
	expr:  expr.GE expr 
	expr:  expr.'[' expr ']' 
	expr:  expr.'[' expr COLON expr ']' 
	expr:  expr.'[' expr COLON ']' 
	expr:  expr.'[' COLON expr ']' 
	expr:  expr.'[' COLON ']' 

	'('  shift 40
	'['  shift 54
	.  reduce 38 (src line 253)


state 63
	expr:  expr.'(' exprlist ')' 
	expr:  expr.'+' expr 
	expr:  expr.'-' expr 
	expr:  expr.'*' expr 
	expr:  expr.'/' expr 
	expr:  expr.'%' expr 
	expr:  expr.AND expr 
	expr:  expr.OR expr 
	expr:  expr.LT expr 
	expr:  expr.LE expr 
	expr:  expr.EQ expr 
	expr:  expr.NE expr 
	expr:  expr.GT expr 
	expr:  expr.GE expr 
	expr:  '(' expr.')' 
	expr:  expr.'[' expr ']' 
	expr:  expr.'[' expr COLON expr ']' 
	expr:  expr.'[' expr COLON ']' 
	expr:  expr.'[' COLON expr ']' 
	expr:  expr.'[' COLON ']' 

	AND  shift 46
	OR  shift 47
	LT  shift 48
	LE  shift 49
	EQ  shift 50
	NE  shift 51
	GT  shift 52
	GE  shift 53
	'+'  shift 41
	'-'  shift 42
	'*'  shift 43
	'/'  shift 44
	'%'  shift 45
	'('  shift 40
	')'  shift 97
	'['  shift 54
	.  error


state 64
	expr:  LIST_DISPATCH exprlist.']' 

	']'  shift 98
	.  error


state 65
	expr:  expr.'(' exprlist ')' 
	expr:  expr.'+' expr 
	expr:  expr.'-' expr 
	expr:  expr.'*' expr 
	expr:  expr.'/' expr 
	expr:  expr.'%' expr 
	expr:  expr.AND expr 
	expr:  expr.OR expr 
	expr:  expr.LT expr 
	expr:  expr.LE expr 
	expr:  expr.EQ expr 
	expr:  expr.NE expr 
	expr:  expr.GT expr 
	expr:  expr.GE expr 
	expr:  expr.'[' expr ']' 
	expr:  expr.'[' expr COLON expr ']' 
	expr:  expr.'[' expr COLON ']' 
	expr:  expr.'[' COLON expr ']' 
	expr:  expr.'[' COLON ']' 
	expr:  LIST_DISPATCH expr.DOTDOT expr ']' 
	expr:  LIST_DISPATCH expr.DOTDOT expr ',' expr ']' 
	exprlist_:  expr.    (72)

	AND  shift 46
	OR  shift 47
	LT  shift 48
	LE  shift 49
	EQ  shift 50
	NE  shift 51
	GT  shift 52
	GE  shift 53
	DOTDOT  shift 99
	'+'  shift 41
	'-'  shift 42
	'*'  shift 43
	'/'  shift 44
	'%'  shift 45
	'('  shift 40
	'['  shift 54
	.  reduce 72 (src line 423)


state 66
	exprlist:  exprlist_.    (71)
	exprlist_:  exprlist_.',' opt_decls expr 

	','  shift 100
	.  reduce 71 (src line 418)


state 67
	expr:  TABLE_DISPATCH expr_pairs.opt_decls ']' 
	expr:  TABLE_DISPATCH expr_pairs.',' opt_decls ']' 
	expr_pairs:  expr_pairs.',' opt_decls expr_pair 
	opt_decls: .    (74)

	NL  shift 7
	','  shift 102
	';'  shift 8
	.  reduce 74 (src line 433)

	opt_decls  goto 101
	decls  goto 5
	decl  goto 6

state 68
	expr_pairs:  expr_pair.    (64)

	.  reduce 64 (src line 383)


state 69
	expr:  expr.'(' exprlist ')' 
	expr:  expr.'+' expr 
	expr:  expr.'-' expr 
	expr:  expr.'*' expr 
	expr:  expr.'/' expr 
	expr:  expr.'%' expr 
	expr:  expr.AND expr 
	expr:  expr.OR expr 
	expr:  expr.LT expr 
	expr:  expr.LE expr 
	expr:  expr.EQ expr 
	expr:  expr.NE expr 
	expr:  expr.GT expr 
	expr:  expr.GE expr 
	expr:  expr.'[' expr ']' 
	expr:  expr.'[' expr COLON expr ']' 
	expr:  expr.'[' expr COLON ']' 
	expr:  expr.'[' COLON expr ']' 
	expr:  expr.'[' COLON ']' 
	expr_pair:  expr.'=' expr 

	AND  shift 46
	OR  shift 47
	LT  shift 48
	LE  shift 49
	EQ  shift 50
	NE  shift 51
	GT  shift 52
	GE  shift 53
	'+'  shift 41
	'-'  shift 42
	'*'  shift 43
	'/'  shift 44
	'%'  shift 45
	'='  shift 103
	'('  shift 40
	'['  shift 54
	.  error


state 70
	if_stmt:  IF '('.expr ')' block END 
	if_stmt:  IF '('.expr ')' block ELSE block END 
	if_stmt:  IF '('.expr ')' block elif_stmt END 

	NIL  shift 19
	TRUE  shift 20
	FALSE  shift 21
	ID  shift 18
	FIXNUM  shift 22
	FLOATNUM  shift 23
	STRING  shift 24
	LIST_DISPATCH  shift 30
	TABLE_DISPATCH  shift 31
	COLON  shift 25
	'-'  shift 27
	'('  shift 29
	'{'  shift 26
	'!'  shift 28
	.  error

	expr  goto 104

state 71
	stmts:  stmts decls stmt.    (6)

	.  reduce 6 (src line 84)


state 72
	var_decls:  var_decls ','.var_decl 

	ID  shift 38
	.  error

	var_decl  goto 105

state 73
	var_decl:  ID '='.expr 

	NIL  shift 19
	TRUE  shift 20
	FALSE  shift 21
	ID  shift 18
	FIXNUM  shift 22
	FLOATNUM  shift 23
	STRING  shift 24
	LIST_DISPATCH  shift 30
	TABLE_DISPATCH  shift 31
	COLON  shift 25
	'-'  shift 27
	'('  shift 29
	'{'  shift 26
	'!'  shift 28
	.  error

	expr  goto 106

state 74
	stmt:  expr '=' expr.    (8)
	expr:  expr.'(' exprlist ')' 
	expr:  expr.'+' expr 
	expr:  expr.'-' expr 
	expr:  expr.'*' expr 
	expr:  expr.'/' expr 
	expr:  expr.'%' expr 
	expr:  expr.AND expr 
	expr:  expr.OR expr 
	expr:  expr.LT expr 
	expr:  expr.LE expr 
	expr:  expr.EQ expr 
	expr:  expr.NE expr 
	expr:  expr.GT expr 
	expr:  expr.GE expr 
	expr:  expr.'[' expr ']' 
	expr:  expr.'[' expr COLON expr ']' 
	expr:  expr.'[' expr COLON ']' 
	expr:  expr.'[' COLON expr ']' 
	expr:  expr.'[' COLON ']' 

	AND  shift 46
	OR  shift 47
	LT  shift 48
	LE  shift 49
	EQ  shift 50
	NE  shift 51
	GT  shift 52
	GE  shift 53
	'+'  shift 41
	'-'  shift 42
	'*'  shift 43
	'/'  shift 44
	'%'  shift 45
	'('  shift 40
	'['  shift 54
	.  reduce 8 (src line 95)


state 75
	expr:  expr '(' exprlist.')' 

	')'  shift 107
	.  error


state 76
	expr:  expr.'(' exprlist ')' 
	expr:  expr.'+' expr 
	expr:  expr.'-' expr 
	expr:  expr.'*' expr 
	expr:  expr.'/' expr 
	expr:  expr.'%' expr 
	expr:  expr.AND expr 
	expr:  expr.OR expr 
	expr:  expr.LT expr 
	expr:  expr.LE expr 
	expr:  expr.EQ expr 
	expr:  expr.NE expr 
	expr:  expr.GT expr 
	expr:  expr.GE expr 
	expr:  expr.'[' expr ']' 
	expr:  expr.'[' expr COLON expr ']' 
	expr:  expr.'[' expr COLON ']' 
	expr:  expr.'[' COLON expr ']' 
	expr:  expr.'[' COLON ']' 
	exprlist_:  expr.    (72)

	AND  shift 46
	OR  shift 47
	LT  shift 48
	LE  shift 49
	EQ  shift 50
	NE  shift 51
	GT  shift 52
	GE  shift 53
	'+'  shift 41
	'-'  shift 42
	'*'  shift 43
	'/'  shift 44
	'%'  shift 45
	'('  shift 40
	'['  shift 54
	.  reduce 72 (src line 423)


77: shift/reduce conflict (shift 40(0), red'n 39(5)) on '('
77: shift/reduce conflict (shift 54(0), red'n 39(5)) on '['
state 77
	expr:  expr.'(' exprlist ')' 
	expr:  expr.'+' expr 
	expr:  expr '+' expr.    (39)
	expr:  expr.'-' expr 
	expr:  expr.'*' expr 
	expr:  expr.'/' expr 
	expr:  expr.'%' expr 
	expr:  expr.AND expr 
	expr:  expr.OR expr 
	expr:  expr.LT expr 
	expr:  expr.LE expr 
	expr:  expr.EQ expr 
	expr:  expr.NE expr 
	expr:  expr.GT expr 
	expr:  expr.GE expr 
	expr:  expr.'[' expr ']' 
	expr:  expr.'[' expr COLON expr ']' 
	expr:  expr.'[' expr COLON ']' 
	expr:  expr.'[' COLON expr ']' 
	expr:  expr.'[' COLON ']' 

	'*'  shift 43
	'/'  shift 44
	'%'  shift 45
	'('  shift 40
	'['  shift 54
	.  reduce 39 (src line 258)


78: shift/reduce conflict (shift 40(0), red'n 40(5)) on '('
78: shift/reduce conflict (shift 54(0), red'n 40(5)) on '['
state 78
	expr:  expr.'(' exprlist ')' 
	expr:  expr.'+' expr 
	expr:  expr.'-' expr 
	expr:  expr '-' expr.    (40)
	expr:  expr.'*' expr 
	expr:  expr.'/' expr 
	expr:  expr.'%' expr 
	expr:  expr.AND expr 
	expr:  expr.OR expr 
	expr:  expr.LT expr 
	expr:  expr.LE expr 
	expr:  expr.EQ expr 
	expr:  expr.NE expr 
	expr:  expr.GT expr 
	expr:  expr.GE expr 
	expr:  expr.'[' expr ']' 
	expr:  expr.'[' expr COLON expr ']' 
	expr:  expr.'[' expr COLON ']' 
	expr:  expr.'[' COLON expr ']' 
	expr:  expr.'[' COLON ']' 

	'*'  shift 43
	'/'  shift 44
	'%'  shift 45
	'('  shift 40
	'['  shift 54
	.  reduce 40 (src line 263)


79: shift/reduce conflict (shift 40(0), red'n 41(6)) on '('
79: shift/reduce conflict (shift 54(0), red'n 41(6)) on '['
state 79
	expr:  expr.'(' exprlist ')' 
	expr:  expr.'+' expr 
	expr:  expr.'-' expr 
	expr:  expr.'*' expr 
	expr:  expr '*' expr.    (41)
	expr:  expr.'/' expr 
	expr:  expr.'%' expr 
	expr:  expr.AND expr 
	expr:  expr.OR expr 
	expr:  expr.LT expr 
	expr:  expr.LE expr 
	expr:  expr.EQ expr 
	expr:  expr.NE expr 
	expr:  expr.GT expr 
	expr:  expr.GE expr 
	expr:  expr.'[' expr ']' 
	expr:  expr.'[' expr COLON expr ']' 
	expr:  expr.'[' expr COLON ']' 
	expr:  expr.'[' COLON expr ']' 
	expr:  expr.'[' COLON ']' 

	'('  shift 40
	'['  shift 54
	.  reduce 41 (src line 268)


80: shift/reduce conflict (shift 40(0), red'n 42(6)) on '('
80: shift/reduce conflict (shift 54(0), red'n 42(6)) on '['
state 80
	expr:  expr.'(' exprlist ')' 
	expr:  expr.'+' expr 
	expr:  expr.'-' expr 
	expr:  expr.'*' expr 
	expr:  expr.'/' expr 
	expr:  expr '/' expr.    (42)
	expr:  expr.'%' expr 
	expr:  expr.AND expr 
	expr:  expr.OR expr 
	expr:  expr.LT expr 
	expr:  expr.LE expr 
	expr:  expr.EQ expr 
	expr:  expr.NE expr 
	expr:  expr.GT expr 
	expr:  expr.GE expr 
	expr:  expr.'[' expr ']' 
	expr:  expr.'[' expr COLON expr ']' 
	expr:  expr.'[' expr COLON ']' 
	expr:  expr.'[' COLON expr ']' 
	expr:  expr.'[' COLON ']' 

	'('  shift 40
	'['  shift 54
	.  reduce 42 (src line 273)


81: shift/reduce conflict (shift 40(0), red'n 43(6)) on '('
81: shift/reduce conflict (shift 54(0), red'n 43(6)) on '['
state 81
	expr:  expr.'(' exprlist ')' 
	expr:  expr.'+' expr 
	expr:  expr.'-' expr 
	expr:  expr.'*' expr 
	expr:  expr.'/' expr 
	expr:  expr.'%' expr 
	expr:  expr '%' expr.    (43)
	expr:  expr.AND expr 
	expr:  expr.OR expr 
	expr:  expr.LT expr 
	expr:  expr.LE expr 
	expr:  expr.EQ expr 
	expr:  expr.NE expr 
	expr:  expr.GT expr 
	expr:  expr.GE expr 
	expr:  expr.'[' expr ']' 
	expr:  expr.'[' expr COLON expr ']' 
	expr:  expr.'[' expr COLON ']' 
	expr:  expr.'[' COLON expr ']' 
	expr:  expr.'[' COLON ']' 

	'('  shift 40
	'['  shift 54
	.  reduce 43 (src line 278)


82: shift/reduce conflict (shift 40(0), red'n 44(2)) on '('
82: shift/reduce conflict (shift 54(0), red'n 44(2)) on '['
state 82
	expr:  expr.'(' exprlist ')' 
	expr:  expr.'+' expr 
	expr:  expr.'-' expr 
	expr:  expr.'*' expr 
	expr:  expr.'/' expr 
	expr:  expr.'%' expr 
	expr:  expr.AND expr 
	expr:  expr AND expr.    (44)
	expr:  expr.OR expr 
	expr:  expr.LT expr 
	expr:  expr.LE expr 
	expr:  expr.EQ expr 
	expr:  expr.NE expr 
	expr:  expr.GT expr 
	expr:  expr.GE expr 
	expr:  expr.'[' expr ']' 
	expr:  expr.'[' expr COLON expr ']' 
	expr:  expr.'[' expr COLON ']' 
	expr:  expr.'[' COLON expr ']' 
	expr:  expr.'[' COLON ']' 

	LT  shift 48
	LE  shift 49
	EQ  shift 50
	NE  shift 51
	GT  shift 52
	GE  shift 53
	'+'  shift 41
	'-'  shift 42
	'*'  shift 43
	'/'  shift 44
	'%'  shift 45
	'('  shift 40
	'['  shift 54
	.  reduce 44 (src line 283)


83: shift/reduce conflict (shift 40(0), red'n 45(1)) on '('
83: shift/reduce conflict (shift 54(0), red'n 45(1)) on '['
state 83
	expr:  expr.'(' exprlist ')' 
	expr:  expr.'+' expr 
	expr:  expr.'-' expr 
	expr:  expr.'*' expr 
	expr:  expr.'/' expr 
	expr:  expr.'%' expr 
	expr:  expr.AND expr 
	expr:  expr.OR expr 
	expr:  expr OR expr.    (45)
	expr:  expr.LT expr 
	expr:  expr.LE expr 
	expr:  expr.EQ expr 
	expr:  expr.NE expr 
	expr:  expr.GT expr 
	expr:  expr.GE expr 
	expr:  expr.'[' expr ']' 
	expr:  expr.'[' expr COLON expr ']' 
	expr:  expr.'[' expr COLON ']' 
	expr:  expr.'[' COLON expr ']' 
	expr:  expr.'[' COLON ']' 

	AND  shift 46
	LT  shift 48
	LE  shift 49
	EQ  shift 50
	NE  shift 51
	GT  shift 52
	GE  shift 53
	'+'  shift 41
	'-'  shift 42
	'*'  shift 43
	'/'  shift 44
	'%'  shift 45
	'('  shift 40
	'['  shift 54
	.  reduce 45 (src line 288)


84: shift/reduce conflict (shift 40(0), red'n 46(4)) on '('
84: shift/reduce conflict (shift 54(0), red'n 46(4)) on '['
state 84
	expr:  expr.'(' exprlist ')' 
	expr:  expr.'+' expr 
	expr:  expr.'-' expr 
	expr:  expr.'*' expr 
	expr:  expr.'/' expr 
	expr:  expr.'%' expr 
	expr:  expr.AND expr 
	expr:  expr.OR expr 
	expr:  expr.LT expr 
	expr:  expr LT expr.    (46)
	expr:  expr.LE expr 
	expr:  expr.EQ expr 
	expr:  expr.NE expr 
	expr:  expr.GT expr 
	expr:  expr.GE expr 
	expr:  expr.'[' expr ']' 
	expr:  expr.'[' expr COLON expr ']' 
	expr:  expr.'[' expr COLON ']' 
	expr:  expr.'[' COLON expr ']' 
	expr:  expr.'[' COLON ']' 

	'+'  shift 41
	'-'  shift 42
	'*'  shift 43
	'/'  shift 44
	'%'  shift 45
	'('  shift 40
	'['  shift 54
	.  reduce 46 (src line 293)


85: shift/reduce conflict (shift 40(0), red'n 47(4)) on '('
85: shift/reduce conflict (shift 54(0), red'n 47(4)) on '['
state 85
	expr:  expr.'(' exprlist ')' 
	expr:  expr.'+' expr 
	expr:  expr.'-' expr 
	expr:  expr.'*' expr 
	expr:  expr.'/' expr 
	expr:  expr.'%' expr 
	expr:  expr.AND expr 
	expr:  expr.OR expr 
	expr:  expr.LT expr 
	expr:  expr.LE expr 
	expr:  expr LE expr.    (47)
	expr:  expr.EQ expr 
	expr:  expr.NE expr 
	expr:  expr.GT expr 
	expr:  expr.GE expr 
	expr:  expr.'[' expr ']' 
	expr:  expr.'[' expr COLON expr ']' 
	expr:  expr.'[' expr COLON ']' 
	expr:  expr.'[' COLON expr ']' 
	expr:  expr.'[' COLON ']' 

	'+'  shift 41
	'-'  shift 42
	'*'  shift 43
	'/'  shift 44
	'%'  shift 45
	'('  shift 40
	'['  shift 54
	.  reduce 47 (src line 298)


86: shift/reduce conflict (shift 40(0), red'n 48(3)) on '('
86: shift/reduce conflict (shift 54(0), red'n 48(3)) on '['
state 86
	expr:  expr.'(' exprlist ')' 
	expr:  expr.'+' expr 
	expr:  expr.'-' expr 
	expr:  expr.'*' expr 
	expr:  expr.'/' expr 
	expr:  expr.'%' expr 
	expr:  expr.AND expr 
	expr:  expr.OR expr 
	expr:  expr.LT expr 
	expr:  expr.LE expr 
	expr:  expr.EQ expr 
	expr:  expr EQ expr.    (48)
	expr:  expr.NE expr 
	expr:  expr.GT expr 
	expr:  expr.GE expr 
	expr:  expr.'[' expr ']' 
	expr:  expr.'[' expr COLON expr ']' 
	expr:  expr.'[' expr COLON ']' 
	expr:  expr.'[' COLON expr ']' 
	expr:  expr.'[' COLON ']' 

	LT  shift 48
	LE  shift 49
	GT  shift 52
	GE  shift 53
	'+'  shift 41
	'-'  shift 42
	'*'  shift 43
	'/'  shift 44
	'%'  shift 45
	'('  shift 40
	'['  shift 54
	.  reduce 48 (src line 303)


87: shift/reduce conflict (shift 40(0), red'n 49(3)) on '('
87: shift/reduce conflict (shift 54(0), red'n 49(3)) on '['
state 87
	expr:  expr.'(' exprlist ')' 
	expr:  expr.'+' expr 
	expr:  expr.'-' expr 
	expr:  expr.'*' expr 
	expr:  expr.'/' expr 
	expr:  expr.'%' expr 
	expr:  expr.AND expr 
	expr:  expr.OR expr 
	expr:  expr.LT expr 
	expr:  expr.LE expr 
	expr:  expr.EQ expr 
	expr:  expr.NE expr 
	expr:  expr NE expr.    (49)
	expr:  expr.GT expr 
	expr:  expr.GE expr 
	expr:  expr.'[' expr ']' 
	expr:  expr.'[' expr COLON expr ']' 
	expr:  expr.'[' expr COLON ']' 
	expr:  expr.'[' COLON expr ']' 
	expr:  expr.'[' COLON ']' 

	LT  shift 48
	LE  shift 49
	GT  shift 52
	GE  shift 53
	'+'  shift 41
	'-'  shift 42
	'*'  shift 43
	'/'  shift 44
	'%'  shift 45
	'('  shift 40
	'['  shift 54
	.  reduce 49 (src line 308)


88: shift/reduce conflict (shift 40(0), red'n 50(4)) on '('
88: shift/reduce conflict (shift 54(0), red'n 50(4)) on '['
state 88
	expr:  expr.'(' exprlist ')' 
	expr:  expr.'+' expr 
	expr:  expr.'-' expr 
	expr:  expr.'*' expr 
	expr:  expr.'/' expr 
	expr:  expr.'%' expr 
	expr:  expr.AND expr 
	expr:  expr.OR expr 
	expr:  expr.LT expr 
	expr:  expr.LE expr 
	expr:  expr.EQ expr 
	expr:  expr.NE expr 
	expr:  expr.GT expr 
	expr:  expr GT expr.    (50)
	expr:  expr.GE expr 
	expr:  expr.'[' expr ']' 
	expr:  expr.'[' expr COLON expr ']' 
	expr:  expr.'[' expr COLON ']' 
	expr:  expr.'[' COLON expr ']' 
	expr:  expr.'[' COLON ']' 

	'+'  shift 41
	'-'  shift 42
	'*'  shift 43
	'/'  shift 44
	'%'  shift 45
	'('  shift 40
	'['  shift 54
	.  reduce 50 (src line 313)


89: shift/reduce conflict (shift 40(0), red'n 51(4)) on '('
89: shift/reduce conflict (shift 54(0), red'n 51(4)) on '['
state 89
	expr:  expr.'(' exprlist ')' 
	expr:  expr.'+' expr 
	expr:  expr.'-' expr 
	expr:  expr.'*' expr 
	expr:  expr.'/' expr 
	expr:  expr.'%' expr 
	expr:  expr.AND expr 
	expr:  expr.OR expr 
	expr:  expr.LT expr 
	expr:  expr.LE expr 
	expr:  expr.EQ expr 
	expr:  expr.NE expr 
	expr:  expr.GT expr 
	expr:  expr.GE expr 
	expr:  expr GE expr.    (51)
	expr:  expr.'[' expr ']' 
	expr:  expr.'[' expr COLON expr ']' 
	expr:  expr.'[' expr COLON ']' 
	expr:  expr.'[' COLON expr ']' 
	expr:  expr.'[' COLON ']' 

	'+'  shift 41
	'-'  shift 42
	'*'  shift 43
	'/'  shift 44
	'%'  shift 45
	'('  shift 40
	'['  shift 54
	.  reduce 51 (src line 318)


state 90
	expr:  expr.'(' exprlist ')' 
	expr:  expr.'+' expr 
	expr:  expr.'-' expr 
	expr:  expr.'*' expr 
	expr:  expr.'/' expr 
	expr:  expr.'%' expr 
	expr:  expr.AND expr 
	expr:  expr.OR expr 
	expr:  expr.LT expr 
	expr:  expr.LE expr 
	expr:  expr.EQ expr 
	expr:  expr.NE expr 
	expr:  expr.GT expr 
	expr:  expr.GE expr 
	expr:  expr.'[' expr ']' 
	expr:  expr '[' expr.']' 
	expr:  expr.'[' expr COLON expr ']' 
	expr:  expr '[' expr.COLON expr ']' 
	expr:  expr.'[' expr COLON ']' 
	expr:  expr '[' expr.COLON ']' 
	expr:  expr.'[' COLON expr ']' 
	expr:  expr.'[' COLON ']' 

	AND  shift 46
	OR  shift 47
	LT  shift 48
	LE  shift 49
	EQ  shift 50
	NE  shift 51
	GT  shift 52
	GE  shift 53
	COLON  shift 109
	'+'  shift 41
	'-'  shift 42
	'*'  shift 43
	'/'  shift 44
	'%'  shift 45
	'('  shift 40
	'['  shift 54
	']'  shift 108
	.  error


91: shift/reduce conflict (shift 26(0), red'n 67(0)) on '{'
state 91
	expr:  COLON.namelist '{' block '}' 
	expr:  expr '[' COLON.expr ']' 
	expr:  expr '[' COLON.']' 
	namelist: .    (67)

	NIL  shift 19
	TRUE  shift 20
	FALSE  shift 21
	ID  shift 112
	FIXNUM  shift 22
	FLOATNUM  shift 23
	STRING  shift 24
	LIST_DISPATCH  shift 30
	TABLE_DISPATCH  shift 31
	COLON  shift 25
	'-'  shift 27
	'('  shift 29
	'{'  shift 26
	'!'  shift 28
	']'  shift 111
	.  reduce 67 (src line 399)

	expr  goto 110
	namelist  goto 58

state 92
	stmt:  FOR '(' ID.COLON expr ')' block END 

	COLON  shift 113
	.  error


state 93
	stmt:  WHILE '(' expr.')' block END 
	expr:  expr.'(' exprlist ')' 
	expr:  expr.'+' expr 
	expr:  expr.'-' expr 
	expr:  expr.'*' expr 
	expr:  expr.'/' expr 
	expr:  expr.'%' expr 
	expr:  expr.AND expr 
	expr:  expr.OR expr 
	expr:  expr.LT expr 
	expr:  expr.LE expr 
	expr:  expr.EQ expr 
	expr:  expr.NE expr 
	expr:  expr.GT expr 
	expr:  expr.GE expr 
	expr:  expr.'[' expr ']' 
	expr:  expr.'[' expr COLON expr ']' 
	expr:  expr.'[' expr COLON ']' 
	expr:  expr.'[' COLON expr ']' 
	expr:  expr.'[' COLON ']' 

	AND  shift 46
	OR  shift 47
	LT  shift 48
	LE  shift 49
	EQ  shift 50
	NE  shift 51
	GT  shift 52
	GE  shift 53
	'+'  shift 41
	'-'  shift 42
	'*'  shift 43
	'/'  shift 44
	'%'  shift 45
	'('  shift 40
	')'  shift 114
	'['  shift 54
	.  error


94: shift/reduce conflict (shift 7(0), red'n 4(0)) on NL
 94: reduce/reduce conflict  (red'ns 74 and 4) on '}'
94: shift/reduce conflict (shift 8(0), red'n 4(0)) on ';'
state 94
	expr:  COLON namelist '{'.block '}' 
	opt_decls: .    (74)
	stmts: .    (4)

	NL  shift 7
	'}'  reduce 4 (src line 75)
	';'  shift 8
	.  reduce 74 (src line 433)

	block  goto 115
	stmts  goto 4
	opt_decls  goto 3
	decls  goto 5
	decl  goto 6

state 95
	namelist:  namelist ','.opt_decls ID 
	opt_decls: .    (74)

	NL  shift 7
	';'  shift 8
	.  reduce 74 (src line 433)

	opt_decls  goto 116
	decls  goto 5
	decl  goto 6

state 96
	expr:  '{' block '}'.    (36)

	.  reduce 36 (src line 243)


state 97
	expr:  '(' expr ')'.    (52)

	.  reduce 52 (src line 323)


state 98
	expr:  LIST_DISPATCH exprlist ']'.    (58)

	.  reduce 58 (src line 353)


state 99
	expr:  LIST_DISPATCH expr DOTDOT.expr ']' 
	expr:  LIST_DISPATCH expr DOTDOT.expr ',' expr ']' 

	NIL  shift 19
	TRUE  shift 20
	FALSE  shift 21
	ID  shift 18
	FIXNUM  shift 22
	FLOATNUM  shift 23
	STRING  shift 24
	LIST_DISPATCH  shift 30
	TABLE_DISPATCH  shift 31
	COLON  shift 25
	'-'  shift 27
	'('  shift 29
	'{'  shift 26
	'!'  shift 28
	.  error

	expr  goto 117

state 100
	exprlist_:  exprlist_ ','.opt_decls expr 
	opt_decls: .    (74)

	NL  shift 7
	';'  shift 8
	.  reduce 74 (src line 433)

	opt_decls  goto 118
	decls  goto 5
	decl  goto 6

state 101
	expr:  TABLE_DISPATCH expr_pairs opt_decls.']' 

	']'  shift 119
	.  error


state 102
	expr:  TABLE_DISPATCH expr_pairs ','.opt_decls ']' 
	expr_pairs:  expr_pairs ','.opt_decls expr_pair 
	opt_decls: .    (74)

	NL  shift 7
	';'  shift 8
	.  reduce 74 (src line 433)

	opt_decls  goto 120
	decls  goto 5
	decl  goto 6

state 103
	expr_pair:  expr '='.expr 

	NIL  shift 19
	TRUE  shift 20
	FALSE  shift 21
	ID  shift 18
	FIXNUM  shift 22
	FLOATNUM  shift 23
	STRING  shift 24
	LIST_DISPATCH  shift 30
	TABLE_DISPATCH  shift 31
	COLON  shift 25
	'-'  shift 27
	'('  shift 29
	'{'  shift 26
	'!'  shift 28
	.  error

	expr  goto 121

state 104
	if_stmt:  IF '(' expr.')' block END 
	if_stmt:  IF '(' expr.')' block ELSE block END 
	if_stmt:  IF '(' expr.')' block elif_stmt END 
	expr:  expr.'(' exprlist ')' 
	expr:  expr.'+' expr 
	expr:  expr.'-' expr 
	expr:  expr.'*' expr 
	expr:  expr.'/' expr 
	expr:  expr.'%' expr 
	expr:  expr.AND expr 
	expr:  expr.OR expr 
	expr:  expr.LT expr 
	expr:  expr.LE expr 
	expr:  expr.EQ expr 
	expr:  expr.NE expr 
	expr:  expr.GT expr 
	expr:  expr.GE expr 
	expr:  expr.'[' expr ']' 
	expr:  expr.'[' expr COLON expr ']' 
	expr:  expr.'[' expr COLON ']' 
	expr:  expr.'[' COLON expr ']' 
	expr:  expr.'[' COLON ']' 

	AND  shift 46
	OR  shift 47
	LT  shift 48
	LE  shift 49
	EQ  shift 50
	NE  shift 51
	GT  shift 52
	GE  shift 53
	'+'  shift 41
	'-'  shift 42
	'*'  shift 43
	'/'  shift 44
	'%'  shift 45
	'('  shift 40
	')'  shift 122
	'['  shift 54
	.  error


state 105
	var_decls:  var_decls ',' var_decl.    (18)

	.  reduce 18 (src line 146)


state 106
	var_decl:  ID '=' expr.    (20)
	expr:  expr.'(' exprlist ')' 
	expr:  expr.'+' expr 
	expr:  expr.'-' expr 
	expr:  expr.'*' expr 
	expr:  expr.'/' expr 
	expr:  expr.'%' expr 
	expr:  expr.AND expr 
	expr:  expr.OR expr 
	expr:  expr.LT expr 
	expr:  expr.LE expr 
	expr:  expr.EQ expr 
	expr:  expr.NE expr 
	expr:  expr.GT expr 
	expr:  expr.GE expr 
	expr:  expr.'[' expr ']' 
	expr:  expr.'[' expr COLON expr ']' 
	expr:  expr.'[' expr COLON ']' 
	expr:  expr.'[' COLON expr ']' 
	expr:  expr.'[' COLON ']' 

	AND  shift 46
	OR  shift 47
	LT  shift 48
	LE  shift 49
	EQ  shift 50
	NE  shift 51
	GT  shift 52
	GE  shift 53
	'+'  shift 41
	'-'  shift 42
	'*'  shift 43
	'/'  shift 44
	'%'  shift 45
	'('  shift 40
	'['  shift 54
	.  reduce 20 (src line 157)


state 107
	expr:  expr '(' exprlist ')'.    (34)

	.  reduce 34 (src line 233)


state 108
	expr:  expr '[' expr ']'.    (53)

	.  reduce 53 (src line 328)


state 109
	expr:  expr '[' expr COLON.expr ']' 
	expr:  expr '[' expr COLON.']' 

	NIL  shift 19
	TRUE  shift 20
	FALSE  shift 21
	ID  shift 18
	FIXNUM  shift 22
	FLOATNUM  shift 23
	STRING  shift 24
	LIST_DISPATCH  shift 30
	TABLE_DISPATCH  shift 31
	COLON  shift 25
	'-'  shift 27
	'('  shift 29
	'{'  shift 26
	'!'  shift 28
	']'  shift 124
	.  error

	expr  goto 123

state 110
	expr:  expr.'(' exprlist ')' 
	expr:  expr.'+' expr 
	expr:  expr.'-' expr 
	expr:  expr.'*' expr 
	expr:  expr.'/' expr 
	expr:  expr.'%' expr 
	expr:  expr.AND expr 
	expr:  expr.OR expr 
	expr:  expr.LT expr 
	expr:  expr.LE expr 
	expr:  expr.EQ expr 
	expr:  expr.NE expr 
	expr:  expr.GT expr 
	expr:  expr.GE expr 
	expr:  expr.'[' expr ']' 
	expr:  expr.'[' expr COLON expr ']' 
	expr:  expr.'[' expr COLON ']' 
	expr:  expr.'[' COLON expr ']' 
	expr:  expr '[' COLON expr.']' 
	expr:  expr.'[' COLON ']' 

	AND  shift 46
	OR  shift 47
	LT  shift 48
	LE  shift 49
	EQ  shift 50
	NE  shift 51
	GT  shift 52
	GE  shift 53
	'+'  shift 41
	'-'  shift 42
	'*'  shift 43
	'/'  shift 44
	'%'  shift 45
	'('  shift 40
	'['  shift 54
	']'  shift 125
	.  error


state 111
	expr:  expr '[' COLON ']'.    (57)

	.  reduce 57 (src line 348)


state 112
	expr:  ID.    (27)
	namelist:  ID.    (68)

	','  reduce 68 (src line 404)
	'{'  reduce 68 (src line 404)
	.  reduce 27 (src line 197)


state 113
	stmt:  FOR '(' ID COLON.expr ')' block END 

	NIL  shift 19
	TRUE  shift 20
	FALSE  shift 21
	ID  shift 18
	FIXNUM  shift 22
	FLOATNUM  shift 23
	STRING  shift 24
	LIST_DISPATCH  shift 30
	TABLE_DISPATCH  shift 31
	COLON  shift 25
	'-'  shift 27
	'('  shift 29
	'{'  shift 26
	'!'  shift 28
	.  error

	expr  goto 126

 114: reduce/reduce conflict  (red'ns 74 and 4) on END
114: shift/reduce conflict (shift 7(0), red'n 4(0)) on NL
114: shift/reduce conflict (shift 8(0), red'n 4(0)) on ';'
state 114
	stmt:  WHILE '(' expr ')'.block END 
	opt_decls: .    (74)
	stmts: .    (4)

	END  reduce 4 (src line 75)
	NL  shift 7
	';'  shift 8
	.  reduce 74 (src line 433)

	block  goto 127
	stmts  goto 4
	opt_decls  goto 3
	decls  goto 5
	decl  goto 6

state 115
	expr:  COLON namelist '{' block.'}' 

	'}'  shift 128
	.  error


state 116
	namelist:  namelist ',' opt_decls.ID 

	ID  shift 129
	.  error


state 117
	expr:  expr.'(' exprlist ')' 
	expr:  expr.'+' expr 
	expr:  expr.'-' expr 
	expr:  expr.'*' expr 
	expr:  expr.'/' expr 
	expr:  expr.'%' expr 
	expr:  expr.AND expr 
	expr:  expr.OR expr 
	expr:  expr.LT expr 
	expr:  expr.LE expr 
	expr:  expr.EQ expr 
	expr:  expr.NE expr 
	expr:  expr.GT expr 
	expr:  expr.GE expr 
	expr:  expr.'[' expr ']' 
	expr:  expr.'[' expr COLON expr ']' 
	expr:  expr.'[' expr COLON ']' 
	expr:  expr.'[' COLON expr ']' 
	expr:  expr.'[' COLON ']' 
	expr:  LIST_DISPATCH expr DOTDOT expr.']' 
	expr:  LIST_DISPATCH expr DOTDOT expr.',' expr ']' 

	AND  shift 46
	OR  shift 47
	LT  shift 48
	LE  shift 49
	EQ  shift 50
	NE  shift 51
	GT  shift 52
	GE  shift 53
	'+'  shift 41
	'-'  shift 42
	'*'  shift 43
	'/'  shift 44
	'%'  shift 45
	'('  shift 40
	','  shift 131
	'['  shift 54
	']'  shift 130
	.  error


state 118
	exprlist_:  exprlist_ ',' opt_decls.expr 

	NIL  shift 19
	TRUE  shift 20
	FALSE  shift 21
	ID  shift 18
	FIXNUM  shift 22
	FLOATNUM  shift 23
	STRING  shift 24
	LIST_DISPATCH  shift 30
	TABLE_DISPATCH  shift 31
	COLON  shift 25
	'-'  shift 27
	'('  shift 29
	'{'  shift 26
	'!'  shift 28
	.  error

	expr  goto 132

state 119
	expr:  TABLE_DISPATCH expr_pairs opt_decls ']'.    (59)

	.  reduce 59 (src line 358)


state 120
	expr:  TABLE_DISPATCH expr_pairs ',' opt_decls.']' 
	expr_pairs:  expr_pairs ',' opt_decls.expr_pair 

	NIL  shift 19
	TRUE  shift 20
	FALSE  shift 21
	ID  shift 18
	FIXNUM  shift 22
	FLOATNUM  shift 23
	STRING  shift 24
	LIST_DISPATCH  shift 30
	TABLE_DISPATCH  shift 31
	COLON  shift 25
	'-'  shift 27
	'('  shift 29
	'{'  shift 26
	'!'  shift 28
	']'  shift 133
	.  error

	expr  goto 69
	expr_pair  goto 134

state 121
	expr:  expr.'(' exprlist ')' 
	expr:  expr.'+' expr 
	expr:  expr.'-' expr 
	expr:  expr.'*' expr 
	expr:  expr.'/' expr 
	expr:  expr.'%' expr 
	expr:  expr.AND expr 
	expr:  expr.OR expr 
	expr:  expr.LT expr 
	expr:  expr.LE expr 
	expr:  expr.EQ expr 
	expr:  expr.NE expr 
	expr:  expr.GT expr 
	expr:  expr.GE expr 
	expr:  expr.'[' expr ']' 
	expr:  expr.'[' expr COLON expr ']' 
	expr:  expr.'[' expr COLON ']' 
	expr:  expr.'[' COLON expr ']' 
	expr:  expr.'[' COLON ']' 
	expr_pair:  expr '=' expr.    (66)

	AND  shift 46
	OR  shift 47
	LT  shift 48
	LE  shift 49
	EQ  shift 50
	NE  shift 51
	GT  shift 52
	GE  shift 53
	'+'  shift 41
	'-'  shift 42
	'*'  shift 43
	'/'  shift 44
	'%'  shift 45
	'('  shift 40
	'['  shift 54
	.  reduce 66 (src line 392)


 122: reduce/reduce conflict  (red'ns 74 and 4) on ELIF
 122: reduce/reduce conflict  (red'ns 74 and 4) on ELSE
 122: reduce/reduce conflict  (red'ns 74 and 4) on END
122: shift/reduce conflict (shift 7(0), red'n 4(0)) on NL
122: shift/reduce conflict (shift 8(0), red'n 4(0)) on ';'
state 122
	if_stmt:  IF '(' expr ')'.block END 
	if_stmt:  IF '(' expr ')'.block ELSE block END 
	if_stmt:  IF '(' expr ')'.block elif_stmt END 
	opt_decls: .    (74)
	stmts: .    (4)

	ELIF  reduce 4 (src line 75)
	ELSE  reduce 4 (src line 75)
	END  reduce 4 (src line 75)
	NL  shift 7
	';'  shift 8
	.  reduce 74 (src line 433)

	block  goto 135
	stmts  goto 4
	opt_decls  goto 3
	decls  goto 5
	decl  goto 6

state 123
	expr:  expr.'(' exprlist ')' 
	expr:  expr.'+' expr 
	expr:  expr.'-' expr 
	expr:  expr.'*' expr 
	expr:  expr.'/' expr 
	expr:  expr.'%' expr 
	expr:  expr.AND expr 
	expr:  expr.OR expr 
	expr:  expr.LT expr 
	expr:  expr.LE expr 
	expr:  expr.EQ expr 
	expr:  expr.NE expr 
	expr:  expr.GT expr 
	expr:  expr.GE expr 
	expr:  expr.'[' expr ']' 
	expr:  expr.'[' expr COLON expr ']' 
	expr:  expr '[' expr COLON expr.']' 
	expr:  expr.'[' expr COLON ']' 
	expr:  expr.'[' COLON expr ']' 
	expr:  expr.'[' COLON ']' 

	AND  shift 46
	OR  shift 47
	LT  shift 48
	LE  shift 49
	EQ  shift 50
	NE  shift 51
	GT  shift 52
	GE  shift 53
	'+'  shift 41
	'-'  shift 42
	'*'  shift 43
	'/'  shift 44
	'%'  shift 45
	'('  shift 40
	'['  shift 54
	']'  shift 136
	.  error


state 124
	expr:  expr '[' expr COLON ']'.    (55)

	.  reduce 55 (src line 338)


state 125
	expr:  expr '[' COLON expr ']'.    (56)

	.  reduce 56 (src line 343)


state 126
	stmt:  FOR '(' ID COLON expr.')' block END 
	expr:  expr.'(' exprlist ')' 
	expr:  expr.'+' expr 
	expr:  expr.'-' expr 
	expr:  expr.'*' expr 
	expr:  expr.'/' expr 
	expr:  expr.'%' expr 
	expr:  expr.AND expr 
	expr:  expr.OR expr 
	expr:  expr.LT expr 
	expr:  expr.LE expr 
	expr:  expr.EQ expr 
	expr:  expr.NE expr 
	expr:  expr.GT expr 
	expr:  expr.GE expr 
	expr:  expr.'[' expr ']' 
	expr:  expr.'[' expr COLON expr ']' 
	expr:  expr.'[' expr COLON ']' 
	expr:  expr.'[' COLON expr ']' 
	expr:  expr.'[' COLON ']' 

	AND  shift 46
	OR  shift 47
	LT  shift 48
	LE  shift 49
	EQ  shift 50
	NE  shift 51
	GT  shift 52
	GE  shift 53
	'+'  shift 41
	'-'  shift 42
	'*'  shift 43
	'/'  shift 44
	'%'  shift 45
	'('  shift 40
	')'  shift 137
	'['  shift 54
	.  error


state 127
	stmt:  WHILE '(' expr ')' block.END 

	END  shift 138
	.  error


state 128
	expr:  COLON namelist '{' block '}'.    (35)

	.  reduce 35 (src line 238)


state 129
	namelist:  namelist ',' opt_decls ID.    (69)

	.  reduce 69 (src line 408)


state 130
	expr:  LIST_DISPATCH expr DOTDOT expr ']'.    (61)

	.  reduce 61 (src line 368)


state 131
	expr:  LIST_DISPATCH expr DOTDOT expr ','.expr ']' 

	NIL  shift 19
	TRUE  shift 20
	FALSE  shift 21
	ID  shift 18
	FIXNUM  shift 22
	FLOATNUM  shift 23
	STRING  shift 24
	LIST_DISPATCH  shift 30
	TABLE_DISPATCH  shift 31
	COLON  shift 25
	'-'  shift 27
	'('  shift 29
	'{'  shift 26
	'!'  shift 28
	.  error

	expr  goto 139

state 132
	expr:  expr.'(' exprlist ')' 
	expr:  expr.'+' expr 
	expr:  expr.'-' expr 
	expr:  expr.'*' expr 
	expr:  expr.'/' expr 
	expr:  expr.'%' expr 
	expr:  expr.AND expr 
	expr:  expr.OR expr 
	expr:  expr.LT expr 
	expr:  expr.LE expr 
	expr:  expr.EQ expr 
	expr:  expr.NE expr 
	expr:  expr.GT expr 
	expr:  expr.GE expr 
	expr:  expr.'[' expr ']' 
	expr:  expr.'[' expr COLON expr ']' 
	expr:  expr.'[' expr COLON ']' 
	expr:  expr.'[' COLON expr ']' 
	expr:  expr.'[' COLON ']' 
	exprlist_:  exprlist_ ',' opt_decls expr.    (73)

	AND  shift 46
	OR  shift 47
	LT  shift 48
	LE  shift 49
	EQ  shift 50
	NE  shift 51
	GT  shift 52
	GE  shift 53
	'+'  shift 41
	'-'  shift 42
	'*'  shift 43
	'/'  shift 44
	'%'  shift 45
	'('  shift 40
	'['  shift 54
	.  reduce 73 (src line 428)


state 133
	expr:  TABLE_DISPATCH expr_pairs ',' opt_decls ']'.    (60)

	.  reduce 60 (src line 363)


state 134
	expr_pairs:  expr_pairs ',' opt_decls expr_pair.    (65)

	.  reduce 65 (src line 387)


state 135
	if_stmt:  IF '(' expr ')' block.END 
	if_stmt:  IF '(' expr ')' block.ELSE block END 
	if_stmt:  IF '(' expr ')' block.elif_stmt END 

	ELIF  shift 143
	ELSE  shift 141
	END  shift 140
	.  error

	elif_stmt  goto 142

state 136
	expr:  expr '[' expr COLON expr ']'.    (54)

	.  reduce 54 (src line 333)


 137: reduce/reduce conflict  (red'ns 74 and 4) on END
137: shift/reduce conflict (shift 7(0), red'n 4(0)) on NL
137: shift/reduce conflict (shift 8(0), red'n 4(0)) on ';'
state 137
	stmt:  FOR '(' ID COLON expr ')'.block END 
	opt_decls: .    (74)
	stmts: .    (4)

	END  reduce 4 (src line 75)
	NL  shift 7
	';'  shift 8
	.  reduce 74 (src line 433)

	block  goto 144
	stmts  goto 4
	opt_decls  goto 3
	decls  goto 5
	decl  goto 6

state 138
	stmt:  WHILE '(' expr ')' block END.    (11)

	.  reduce 11 (src line 110)


state 139
	expr:  expr.'(' exprlist ')' 
	expr:  expr.'+' expr 
	expr:  expr.'-' expr 
	expr:  expr.'*' expr 
	expr:  expr.'/' expr 
	expr:  expr.'%' expr 
	expr:  expr.AND expr 
	expr:  expr.OR expr 
	expr:  expr.LT expr 
	expr:  expr.LE expr 
	expr:  expr.EQ expr 
	expr:  expr.NE expr 
	expr:  expr.GT expr 
	expr:  expr.GE expr 
	expr:  expr.'[' expr ']' 
	expr:  expr.'[' expr COLON expr ']' 
	expr:  expr.'[' expr COLON ']' 
	expr:  expr.'[' COLON expr ']' 
	expr:  expr.'[' COLON ']' 
	expr:  LIST_DISPATCH expr DOTDOT expr ',' expr.']' 

	AND  shift 46
	OR  shift 47
	LT  shift 48
	LE  shift 49
	EQ  shift 50
	NE  shift 51
	GT  shift 52
	GE  shift 53
	'+'  shift 41
	'-'  shift 42
	'*'  shift 43
	'/'  shift 44
	'%'  shift 45
	'('  shift 40
	'['  shift 54
	']'  shift 145
	.  error


state 140
	if_stmt:  IF '(' expr ')' block END.    (21)

	.  reduce 21 (src line 163)


 141: reduce/reduce conflict  (red'ns 74 and 4) on END
141: shift/reduce conflict (shift 7(0), red'n 4(0)) on NL
141: shift/reduce conflict (shift 8(0), red'n 4(0)) on ';'
state 141
	if_stmt:  IF '(' expr ')' block ELSE.block END 
	opt_decls: .    (74)
	stmts: .    (4)

	END  reduce 4 (src line 75)
	NL  shift 7
	';'  shift 8
	.  reduce 74 (src line 433)

	block  goto 146
	stmts  goto 4
	opt_decls  goto 3
	decls  goto 5
	decl  goto 6

state 142
	if_stmt:  IF '(' expr ')' block elif_stmt.END 

	END  shift 147
	.  error


state 143
	elif_stmt:  ELIF.'(' expr ')' block 
	elif_stmt:  ELIF.'(' expr ')' block ELSE block 
	elif_stmt:  ELIF.'(' expr ')' block elif_stmt 

	'('  shift 148
	.  error


state 144
	stmt:  FOR '(' ID COLON expr ')' block.END 

	END  shift 149
	.  error


state 145
	expr:  LIST_DISPATCH expr DOTDOT expr ',' expr ']'.    (62)

	.  reduce 62 (src line 373)


state 146
	if_stmt:  IF '(' expr ')' block ELSE block.END 

	END  shift 150
	.  error


state 147
	if_stmt:  IF '(' expr ')' block elif_stmt END.    (23)

	.  reduce 23 (src line 174)


state 148
	elif_stmt:  ELIF '('.expr ')' block 
	elif_stmt:  ELIF '('.expr ')' block ELSE block 
	elif_stmt:  ELIF '('.expr ')' block elif_stmt 

	NIL  shift 19
	TRUE  shift 20
	FALSE  shift 21
	ID  shift 18
	FIXNUM  shift 22
	FLOATNUM  shift 23
	STRING  shift 24
	LIST_DISPATCH  shift 30
	TABLE_DISPATCH  shift 31
	COLON  shift 25
	'-'  shift 27
	'('  shift 29
	'{'  shift 26
	'!'  shift 28
	.  error

	expr  goto 151

state 149
	stmt:  FOR '(' ID COLON expr ')' block END.    (10)

	.  reduce 10 (src line 105)


state 150
	if_stmt:  IF '(' expr ')' block ELSE block END.    (22)

	.  reduce 22 (src line 169)


state 151
	elif_stmt:  ELIF '(' expr.')' block 
	elif_stmt:  ELIF '(' expr.')' block ELSE block 
	elif_stmt:  ELIF '(' expr.')' block elif_stmt 
	expr:  expr.'(' exprlist ')' 
	expr:  expr.'+' expr 
	expr:  expr.'-' expr 
	expr:  expr.'*' expr 
	expr:  expr.'/' expr 
	expr:  expr.'%' expr 
	expr:  expr.AND expr 
	expr:  expr.OR expr 
	expr:  expr.LT expr 
	expr:  expr.LE expr 
	expr:  expr.EQ expr 
	expr:  expr.NE expr 
	expr:  expr.GT expr 
	expr:  expr.GE expr 
	expr:  expr.'[' expr ']' 
	expr:  expr.'[' expr COLON expr ']' 
	expr:  expr.'[' expr COLON ']' 
	expr:  expr.'[' COLON expr ']' 
	expr:  expr.'[' COLON ']' 

	AND  shift 46
	OR  shift 47
	LT  shift 48
	LE  shift 49
	EQ  shift 50
	NE  shift 51
	GT  shift 52
	GE  shift 53
	'+'  shift 41
	'-'  shift 42
	'*'  shift 43
	'/'  shift 44
	'%'  shift 45
	'('  shift 40
	')'  shift 152
	'['  shift 54
	.  error


 152: reduce/reduce conflict  (red'ns 74 and 4) on ELIF
 152: reduce/reduce conflict  (red'ns 74 and 4) on ELSE
 152: reduce/reduce conflict  (red'ns 74 and 4) on END
152: shift/reduce conflict (shift 7(0), red'n 4(0)) on NL
152: shift/reduce conflict (shift 8(0), red'n 4(0)) on ';'
state 152
	elif_stmt:  ELIF '(' expr ')'.block 
	elif_stmt:  ELIF '(' expr ')'.block ELSE block 
	elif_stmt:  ELIF '(' expr ')'.block elif_stmt 
	opt_decls: .    (74)
	stmts: .    (4)

	ELIF  reduce 4 (src line 75)
	ELSE  reduce 4 (src line 75)
	END  reduce 4 (src line 75)
	NL  shift 7
	';'  shift 8
	.  reduce 74 (src line 433)

	block  goto 153
	stmts  goto 4
	opt_decls  goto 3
	decls  goto 5
	decl  goto 6

state 153
	elif_stmt:  ELIF '(' expr ')' block.    (24)
	elif_stmt:  ELIF '(' expr ')' block.ELSE block 
	elif_stmt:  ELIF '(' expr ')' block.elif_stmt 

	ELIF  shift 143
	ELSE  shift 154
	.  reduce 24 (src line 180)

	elif_stmt  goto 155

 154: reduce/reduce conflict  (red'ns 74 and 4) on END
154: shift/reduce conflict (shift 7(0), red'n 4(0)) on NL
154: shift/reduce conflict (shift 8(0), red'n 4(0)) on ';'
state 154
	elif_stmt:  ELIF '(' expr ')' block ELSE.block 
	opt_decls: .    (74)
	stmts: .    (4)

	END  reduce 4 (src line 75)
	NL  shift 7
	';'  shift 8
	.  reduce 74 (src line 433)

	block  goto 156
	stmts  goto 4
	opt_decls  goto 3
	decls  goto 5
	decl  goto 6

state 155
	elif_stmt:  ELIF '(' expr ')' block elif_stmt.    (26)

	.  reduce 26 (src line 191)


state 156
	elif_stmt:  ELIF '(' expr ')' block ELSE block.    (25)

	.  reduce 25 (src line 186)


49 terminals, 18 nonterminals
80 grammar rules, 157/2000 states
49 shift/reduce, 13 reduce/reduce conflicts reported
67 working sets used
memory: parser 127/30000
132 extra closures
980 shift entries, 16 exceptions
72 goto entries
45 entries saved by goto default
Optimizer space used: output 795/30000
795 table entries, 296 zero
maximum spread: 49, maximum offset: 154
